<?xml version="1.0" encoding="UTF-8"?>
<!-- Generated by org.testng.reporters.JUnitXMLReporter -->
<testsuite ignored="0" hostname="hemanthbk8" failures="0" tests="5" name="LoginTest" time="11.164" errors="0" timestamp="2026-09-20T13:13:11 IST">
  <testcase classname="basic.basicLoginImpl" name="openWeb" time="7.05"/>
  <testcase classname="basic.basicLoginImpl" name="logoPresence" time="0.515"/>
  <testcase classname="basic.basicLoginImpl" name="login" time="1.401"/>
  <testcase classname="basic.basicLoginImpl" name="logout" time="1.531"/>
  <testcase classname="basic.basicLoginImpl" name="close" time="0.56"/>
</testsuite> <!-- LoginTest -->
