<?xml version="1.0" encoding="UTF-8"?>
<!-- Generated by org.testng.reporters.JUnitReportReporter -->
<testsuite hostname="hemanthbk8" failures="0" tests="5" name="basic.basicLoginImpl" time="11.057" errors="0" timestamp="2026-09-20T13:13:12 IST" skipped="0">
  <testcase classname="basic.basicLoginImpl" name="openWeb" time="7.050"/>
  <testcase classname="basic.basicLoginImpl" name="logoPresence" time="0.515"/>
  <testcase classname="basic.basicLoginImpl" name="login" time="1.401"/>
  <testcase classname="basic.basicLoginImpl" name="logout" time="1.531"/>
  <testcase classname="basic.basicLoginImpl" name="close" time="0.560"/>
</testsuite> <!-- basic.basicLoginImpl -->
